[19:22:39] [trace] ENGINE: Picked device: AMD RADV VEGA10 (ACO)
[19:22:39] [trace] ENGINE: 
[19:22:39] [trace] ENGINE: Loading base
[19:22:39] [warning] ENGINE: UniformBufferObject is an array of 0 dimensions in shader: base, setting count to 1
[19:22:39] [trace] ENGINE: -----UNIFORM BUFFERS-----
[19:22:39] [trace] ENGINE: UniformBufferObject
[19:22:39] [trace] ENGINE:    Size: 64
[19:22:39] [trace] ENGINE:    Location: 0
[19:22:39] [trace] ENGINE:    Set: 0
[19:22:39] [trace] ENGINE:    Binding: 0
[19:22:39] [trace] ENGINE:    Count: 1
[19:22:39] [trace] ENGINE: 
[19:22:39] [trace] ENGINE: Loading base
[19:22:39] [trace] ENGINE: 
[19:22:39] [trace] ENGINE: Loading depth
[19:22:39] [warning] ENGINE: UniformBufferObject is an array of 0 dimensions in shader: depth, setting count to 1
[19:22:39] [trace] ENGINE: -----UNIFORM BUFFERS-----
[19:22:39] [trace] ENGINE: UniformBufferObject
[19:22:39] [trace] ENGINE:    Size: 64
[19:22:39] [trace] ENGINE:    Location: 0
[19:22:39] [trace] ENGINE:    Set: 0
[19:22:39] [trace] ENGINE:    Binding: 0
[19:22:39] [trace] ENGINE:    Count: 1
[19:22:39] [warning] ENGINE: depth
[19:22:40] [warning] ENGINE: Texture chalet.jpg has 3 channels, but is loaded with 4 channels
[19:23:37] [trace] ENGINE: 
[19:23:37] [trace] ENGINE: Loading base
[19:23:37] [warning] ENGINE: UniformBufferObject is an array of 0 dimensions in shader: base, setting count to 1
[19:23:37] [trace] ENGINE: -----UNIFORM BUFFERS-----
[19:23:37] [trace] ENGINE: UniformBufferObject
[19:23:37] [trace] ENGINE:    Size: 64
[19:23:37] [trace] ENGINE:    Location: 0
[19:23:37] [trace] ENGINE:    Set: 0
[19:23:37] [trace] ENGINE:    Binding: 0
[19:23:37] [trace] ENGINE:    Count: 1
[19:23:37] [trace] ENGINE: 
[19:23:37] [trace] ENGINE: Loading base
[19:23:37] [trace] ENGINE: 
[19:23:37] [trace] ENGINE: Loading depth
[19:23:37] [warning] ENGINE: UniformBufferObject is an array of 0 dimensions in shader: depth, setting count to 1
[19:23:37] [trace] ENGINE: -----UNIFORM BUFFERS-----
[19:23:37] [trace] ENGINE: UniformBufferObject
[19:23:37] [trace] ENGINE:    Size: 64
[19:23:37] [trace] ENGINE:    Location: 0
[19:23:37] [trace] ENGINE:    Set: 0
[19:23:37] [trace] ENGINE:    Binding: 0
[19:23:37] [trace] ENGINE:    Count: 1
[19:23:37] [warning] ENGINE: depth
[19:23:38] [trace] ENGINE: 
[19:23:38] [trace] ENGINE: Loading base
[19:23:38] [warning] ENGINE: UniformBufferObject is an array of 0 dimensions in shader: base, setting count to 1
[19:23:38] [trace] ENGINE: -----UNIFORM BUFFERS-----
[19:23:38] [trace] ENGINE: UniformBufferObject
[19:23:38] [trace] ENGINE:    Size: 64
[19:23:38] [trace] ENGINE:    Location: 0
[19:23:38] [trace] ENGINE:    Set: 0
[19:23:38] [trace] ENGINE:    Binding: 0
[19:23:38] [trace] ENGINE:    Count: 1
[19:23:38] [trace] ENGINE: 
[19:23:38] [trace] ENGINE: Loading base
[19:23:38] [trace] ENGINE: 
[19:23:38] [trace] ENGINE: Loading depth
[19:23:38] [warning] ENGINE: UniformBufferObject is an array of 0 dimensions in shader: depth, setting count to 1
[19:23:38] [trace] ENGINE: -----UNIFORM BUFFERS-----
[19:23:38] [trace] ENGINE: UniformBufferObject
[19:23:38] [trace] ENGINE:    Size: 64
[19:23:38] [trace] ENGINE:    Location: 0
[19:23:38] [trace] ENGINE:    Set: 0
[19:23:38] [trace] ENGINE:    Binding: 0
[19:23:38] [trace] ENGINE:    Count: 1
[19:23:38] [warning] ENGINE: depth
[19:23:38] [trace] ENGINE: 
[19:23:38] [trace] ENGINE: Loading base
[19:23:38] [warning] ENGINE: UniformBufferObject is an array of 0 dimensions in shader: base, setting count to 1
[19:23:38] [trace] ENGINE: -----UNIFORM BUFFERS-----
[19:23:38] [trace] ENGINE: UniformBufferObject
[19:23:38] [trace] ENGINE:    Size: 64
[19:23:38] [trace] ENGINE:    Location: 0
[19:23:38] [trace] ENGINE:    Set: 0
[19:23:38] [trace] ENGINE:    Binding: 0
[19:23:38] [trace] ENGINE:    Count: 1
[19:23:38] [trace] ENGINE: 
[19:23:38] [trace] ENGINE: Loading base
[19:23:38] [trace] ENGINE: 
[19:23:38] [trace] ENGINE: Loading depth
[19:23:38] [warning] ENGINE: UniformBufferObject is an array of 0 dimensions in shader: depth, setting count to 1
[19:23:38] [trace] ENGINE: -----UNIFORM BUFFERS-----
[19:23:38] [trace] ENGINE: UniformBufferObject
[19:23:38] [trace] ENGINE:    Size: 64
[19:23:38] [trace] ENGINE:    Location: 0
[19:23:38] [trace] ENGINE:    Set: 0
[19:23:38] [trace] ENGINE:    Binding: 0
[19:23:38] [trace] ENGINE:    Count: 1
[19:23:38] [warning] ENGINE: depth
[19:23:38] [trace] ENGINE: 
[19:23:38] [trace] ENGINE: Loading base
[19:23:38] [warning] ENGINE: UniformBufferObject is an array of 0 dimensions in shader: base, setting count to 1
[19:23:38] [trace] ENGINE: -----UNIFORM BUFFERS-----
[19:23:38] [trace] ENGINE: UniformBufferObject
[19:23:38] [trace] ENGINE:    Size: 64
[19:23:38] [trace] ENGINE:    Location: 0
[19:23:38] [trace] ENGINE:    Set: 0
[19:23:38] [trace] ENGINE:    Binding: 0
[19:23:38] [trace] ENGINE:    Count: 1
[19:23:38] [trace] ENGINE: 
[19:23:38] [trace] ENGINE: Loading base
[19:23:38] [trace] ENGINE: 
[19:23:38] [trace] ENGINE: Loading depth
[19:23:38] [warning] ENGINE: UniformBufferObject is an array of 0 dimensions in shader: depth, setting count to 1
[19:23:38] [trace] ENGINE: -----UNIFORM BUFFERS-----
[19:23:38] [trace] ENGINE: UniformBufferObject
[19:23:38] [trace] ENGINE:    Size: 64
[19:23:38] [trace] ENGINE:    Location: 0
[19:23:38] [trace] ENGINE:    Set: 0
[19:23:38] [trace] ENGINE:    Binding: 0
[19:23:38] [trace] ENGINE:    Count: 1
[19:23:38] [warning] ENGINE: depth
[19:23:38] [trace] ENGINE: 
[19:23:38] [trace] ENGINE: Loading base
[19:23:38] [warning] ENGINE: UniformBufferObject is an array of 0 dimensions in shader: base, setting count to 1
[19:23:38] [trace] ENGINE: -----UNIFORM BUFFERS-----
[19:23:38] [trace] ENGINE: UniformBufferObject
[19:23:38] [trace] ENGINE:    Size: 64
[19:23:38] [trace] ENGINE:    Location: 0
[19:23:38] [trace] ENGINE:    Set: 0
[19:23:38] [trace] ENGINE:    Binding: 0
[19:23:38] [trace] ENGINE:    Count: 1
[19:23:38] [trace] ENGINE: 
[19:23:38] [trace] ENGINE: Loading base
[19:23:38] [trace] ENGINE: 
[19:23:38] [trace] ENGINE: Loading depth
[19:23:38] [warning] ENGINE: UniformBufferObject is an array of 0 dimensions in shader: depth, setting count to 1
[19:23:38] [trace] ENGINE: -----UNIFORM BUFFERS-----
[19:23:38] [trace] ENGINE: UniformBufferObject
[19:23:38] [trace] ENGINE:    Size: 64
[19:23:38] [trace] ENGINE:    Location: 0
[19:23:38] [trace] ENGINE:    Set: 0
[19:23:38] [trace] ENGINE:    Binding: 0
[19:23:38] [trace] ENGINE:    Count: 1
[19:23:38] [warning] ENGINE: depth
[19:23:39] [trace] ENGINE: 
[19:23:39] [trace] ENGINE: Loading base
[19:23:39] [warning] ENGINE: UniformBufferObject is an array of 0 dimensions in shader: base, setting count to 1
[19:23:39] [trace] ENGINE: -----UNIFORM BUFFERS-----
[19:23:39] [trace] ENGINE: UniformBufferObject
[19:23:39] [trace] ENGINE:    Size: 64
[19:23:39] [trace] ENGINE:    Location: 0
[19:23:39] [trace] ENGINE:    Set: 0
[19:23:39] [trace] ENGINE:    Binding: 0
[19:23:39] [trace] ENGINE:    Count: 1
[19:23:39] [trace] ENGINE: 
[19:23:39] [trace] ENGINE: Loading base
[19:23:39] [trace] ENGINE: 
[19:23:39] [trace] ENGINE: Loading depth
[19:23:39] [warning] ENGINE: UniformBufferObject is an array of 0 dimensions in shader: depth, setting count to 1
[19:23:39] [trace] ENGINE: -----UNIFORM BUFFERS-----
[19:23:39] [trace] ENGINE: UniformBufferObject
[19:23:39] [trace] ENGINE:    Size: 64
[19:23:39] [trace] ENGINE:    Location: 0
[19:23:39] [trace] ENGINE:    Set: 0
[19:23:39] [trace] ENGINE:    Binding: 0
[19:23:39] [trace] ENGINE:    Count: 1
[19:23:39] [warning] ENGINE: depth
[19:23:39] [trace] ENGINE: 
[19:23:39] [trace] ENGINE: Loading base
[19:23:39] [warning] ENGINE: UniformBufferObject is an array of 0 dimensions in shader: base, setting count to 1
[19:23:39] [trace] ENGINE: -----UNIFORM BUFFERS-----
[19:23:39] [trace] ENGINE: UniformBufferObject
[19:23:39] [trace] ENGINE:    Size: 64
[19:23:39] [trace] ENGINE:    Location: 0
[19:23:39] [trace] ENGINE:    Set: 0
[19:23:39] [trace] ENGINE:    Binding: 0
[19:23:39] [trace] ENGINE:    Count: 1
[19:23:39] [trace] ENGINE: 
[19:23:39] [trace] ENGINE: Loading base
[19:23:39] [trace] ENGINE: 
[19:23:39] [trace] ENGINE: Loading depth
[19:23:39] [warning] ENGINE: UniformBufferObject is an array of 0 dimensions in shader: depth, setting count to 1
[19:23:39] [trace] ENGINE: -----UNIFORM BUFFERS-----
[19:23:39] [trace] ENGINE: UniformBufferObject
[19:23:39] [trace] ENGINE:    Size: 64
[19:23:39] [trace] ENGINE:    Location: 0
[19:23:39] [trace] ENGINE:    Set: 0
[19:23:39] [trace] ENGINE:    Binding: 0
[19:23:39] [trace] ENGINE:    Count: 1
[19:23:39] [warning] ENGINE: depth
[19:23:39] [trace] ENGINE: 
[19:23:39] [trace] ENGINE: Loading base
[19:23:39] [warning] ENGINE: UniformBufferObject is an array of 0 dimensions in shader: base, setting count to 1
[19:23:39] [trace] ENGINE: -----UNIFORM BUFFERS-----
[19:23:39] [trace] ENGINE: UniformBufferObject
[19:23:39] [trace] ENGINE:    Size: 64
[19:23:39] [trace] ENGINE:    Location: 0
[19:23:39] [trace] ENGINE:    Set: 0
[19:23:39] [trace] ENGINE:    Binding: 0
[19:23:39] [trace] ENGINE:    Count: 1
[19:23:39] [trace] ENGINE: 
[19:23:39] [trace] ENGINE: Loading base
[19:23:39] [trace] ENGINE: 
[19:23:39] [trace] ENGINE: Loading depth
[19:23:39] [warning] ENGINE: UniformBufferObject is an array of 0 dimensions in shader: depth, setting count to 1
[19:23:39] [trace] ENGINE: -----UNIFORM BUFFERS-----
[19:23:39] [trace] ENGINE: UniformBufferObject
[19:23:39] [trace] ENGINE:    Size: 64
[19:23:39] [trace] ENGINE:    Location: 0
[19:23:39] [trace] ENGINE:    Set: 0
[19:23:39] [trace] ENGINE:    Binding: 0
[19:23:39] [trace] ENGINE:    Count: 1
[19:23:39] [warning] ENGINE: depth
[19:23:39] [trace] ENGINE: 
[19:23:39] [trace] ENGINE: Loading base
[19:23:39] [warning] ENGINE: UniformBufferObject is an array of 0 dimensions in shader: base, setting count to 1
[19:23:39] [trace] ENGINE: -----UNIFORM BUFFERS-----
[19:23:39] [trace] ENGINE: UniformBufferObject
[19:23:39] [trace] ENGINE:    Size: 64
[19:23:39] [trace] ENGINE:    Location: 0
[19:23:39] [trace] ENGINE:    Set: 0
[19:23:39] [trace] ENGINE:    Binding: 0
[19:23:39] [trace] ENGINE:    Count: 1
[19:23:39] [trace] ENGINE: 
[19:23:39] [trace] ENGINE: Loading base
[19:23:39] [trace] ENGINE: 
[19:23:39] [trace] ENGINE: Loading depth
[19:23:39] [warning] ENGINE: UniformBufferObject is an array of 0 dimensions in shader: depth, setting count to 1
[19:23:39] [trace] ENGINE: -----UNIFORM BUFFERS-----
[19:23:39] [trace] ENGINE: UniformBufferObject
[19:23:39] [trace] ENGINE:    Size: 64
[19:23:39] [trace] ENGINE:    Location: 0
[19:23:39] [trace] ENGINE:    Set: 0
[19:23:39] [trace] ENGINE:    Binding: 0
[19:23:39] [trace] ENGINE:    Count: 1
[19:23:39] [warning] ENGINE: depth
[19:23:39] [trace] ENGINE: 
[19:23:39] [trace] ENGINE: Loading base
[19:23:39] [warning] ENGINE: UniformBufferObject is an array of 0 dimensions in shader: base, setting count to 1
[19:23:39] [trace] ENGINE: -----UNIFORM BUFFERS-----
[19:23:39] [trace] ENGINE: UniformBufferObject
[19:23:39] [trace] ENGINE:    Size: 64
[19:23:39] [trace] ENGINE:    Location: 0
[19:23:39] [trace] ENGINE:    Set: 0
[19:23:39] [trace] ENGINE:    Binding: 0
[19:23:39] [trace] ENGINE:    Count: 1
[19:23:39] [trace] ENGINE: 
[19:23:39] [trace] ENGINE: Loading base
[19:23:39] [trace] ENGINE: 
[19:23:39] [trace] ENGINE: Loading depth
[19:23:39] [warning] ENGINE: UniformBufferObject is an array of 0 dimensions in shader: depth, setting count to 1
[19:23:39] [trace] ENGINE: -----UNIFORM BUFFERS-----
[19:23:39] [trace] ENGINE: UniformBufferObject
[19:23:39] [trace] ENGINE:    Size: 64
[19:23:39] [trace] ENGINE:    Location: 0
[19:23:39] [trace] ENGINE:    Set: 0
[19:23:39] [trace] ENGINE:    Binding: 0
[19:23:39] [trace] ENGINE:    Count: 1
[19:23:39] [warning] ENGINE: depth
[19:23:39] [trace] ENGINE: 
[19:23:39] [trace] ENGINE: Loading base
[19:23:39] [warning] ENGINE: UniformBufferObject is an array of 0 dimensions in shader: base, setting count to 1
[19:23:39] [trace] ENGINE: -----UNIFORM BUFFERS-----
[19:23:39] [trace] ENGINE: UniformBufferObject
[19:23:39] [trace] ENGINE:    Size: 64
[19:23:39] [trace] ENGINE:    Location: 0
[19:23:39] [trace] ENGINE:    Set: 0
[19:23:39] [trace] ENGINE:    Binding: 0
[19:23:39] [trace] ENGINE:    Count: 1
[19:23:39] [trace] ENGINE: 
[19:23:39] [trace] ENGINE: Loading base
[19:23:39] [trace] ENGINE: 
[19:23:39] [trace] ENGINE: Loading depth
[19:23:39] [warning] ENGINE: UniformBufferObject is an array of 0 dimensions in shader: depth, setting count to 1
[19:23:39] [trace] ENGINE: -----UNIFORM BUFFERS-----
[19:23:39] [trace] ENGINE: UniformBufferObject
[19:23:39] [trace] ENGINE:    Size: 64
[19:23:39] [trace] ENGINE:    Location: 0
[19:23:39] [trace] ENGINE:    Set: 0
[19:23:39] [trace] ENGINE:    Binding: 0
[19:23:39] [trace] ENGINE:    Count: 1
[19:23:39] [warning] ENGINE: depth
[19:23:39] [trace] ENGINE: 
[19:23:39] [trace] ENGINE: Loading base
[19:23:39] [warning] ENGINE: UniformBufferObject is an array of 0 dimensions in shader: base, setting count to 1
[19:23:39] [trace] ENGINE: -----UNIFORM BUFFERS-----
[19:23:39] [trace] ENGINE: UniformBufferObject
[19:23:39] [trace] ENGINE:    Size: 64
[19:23:39] [trace] ENGINE:    Location: 0
[19:23:39] [trace] ENGINE:    Set: 0
[19:23:39] [trace] ENGINE:    Binding: 0
[19:23:39] [trace] ENGINE:    Count: 1
[19:23:39] [trace] ENGINE: 
[19:23:39] [trace] ENGINE: Loading base
[19:23:39] [trace] ENGINE: 
[19:23:39] [trace] ENGINE: Loading depth
[19:23:39] [warning] ENGINE: UniformBufferObject is an array of 0 dimensions in shader: depth, setting count to 1
[19:23:39] [trace] ENGINE: -----UNIFORM BUFFERS-----
[19:23:39] [trace] ENGINE: UniformBufferObject
[19:23:39] [trace] ENGINE:    Size: 64
[19:23:39] [trace] ENGINE:    Location: 0
[19:23:39] [trace] ENGINE:    Set: 0
[19:23:39] [trace] ENGINE:    Binding: 0
[19:23:39] [trace] ENGINE:    Count: 1
[19:23:39] [warning] ENGINE: depth
[19:23:39] [trace] ENGINE: 
[19:23:39] [trace] ENGINE: Loading base
[19:23:39] [warning] ENGINE: UniformBufferObject is an array of 0 dimensions in shader: base, setting count to 1
[19:23:39] [trace] ENGINE: -----UNIFORM BUFFERS-----
[19:23:39] [trace] ENGINE: UniformBufferObject
[19:23:39] [trace] ENGINE:    Size: 64
[19:23:39] [trace] ENGINE:    Location: 0
[19:23:39] [trace] ENGINE:    Set: 0
[19:23:39] [trace] ENGINE:    Binding: 0
[19:23:39] [trace] ENGINE:    Count: 1
[19:23:39] [trace] ENGINE: 
[19:23:39] [trace] ENGINE: Loading base
[19:23:39] [trace] ENGINE: 
[19:23:39] [trace] ENGINE: Loading depth
[19:23:39] [warning] ENGINE: UniformBufferObject is an array of 0 dimensions in shader: depth, setting count to 1
[19:23:39] [trace] ENGINE: -----UNIFORM BUFFERS-----
[19:23:39] [trace] ENGINE: UniformBufferObject
[19:23:39] [trace] ENGINE:    Size: 64
[19:23:39] [trace] ENGINE:    Location: 0
[19:23:39] [trace] ENGINE:    Set: 0
[19:23:39] [trace] ENGINE:    Binding: 0
[19:23:39] [trace] ENGINE:    Count: 1
[19:23:39] [warning] ENGINE: depth
[19:23:39] [trace] ENGINE: 
[19:23:39] [trace] ENGINE: Loading base
[19:23:39] [warning] ENGINE: UniformBufferObject is an array of 0 dimensions in shader: base, setting count to 1
[19:23:39] [trace] ENGINE: -----UNIFORM BUFFERS-----
[19:23:39] [trace] ENGINE: UniformBufferObject
[19:23:39] [trace] ENGINE:    Size: 64
[19:23:39] [trace] ENGINE:    Location: 0
[19:23:39] [trace] ENGINE:    Set: 0
[19:23:39] [trace] ENGINE:    Binding: 0
[19:23:39] [trace] ENGINE:    Count: 1
[19:23:39] [trace] ENGINE: 
[19:23:39] [trace] ENGINE: Loading base
[19:23:39] [trace] ENGINE: 
[19:23:39] [trace] ENGINE: Loading depth
[19:23:39] [warning] ENGINE: UniformBufferObject is an array of 0 dimensions in shader: depth, setting count to 1
[19:23:39] [trace] ENGINE: -----UNIFORM BUFFERS-----
[19:23:39] [trace] ENGINE: UniformBufferObject
[19:23:39] [trace] ENGINE:    Size: 64
[19:23:39] [trace] ENGINE:    Location: 0
[19:23:39] [trace] ENGINE:    Set: 0
[19:23:39] [trace] ENGINE:    Binding: 0
[19:23:39] [trace] ENGINE:    Count: 1
[19:23:39] [warning] ENGINE: depth
[19:23:39] [trace] ENGINE: 
[19:23:39] [trace] ENGINE: Loading base
[19:23:39] [warning] ENGINE: UniformBufferObject is an array of 0 dimensions in shader: base, setting count to 1
[19:23:39] [trace] ENGINE: -----UNIFORM BUFFERS-----
[19:23:39] [trace] ENGINE: UniformBufferObject
[19:23:39] [trace] ENGINE:    Size: 64
[19:23:39] [trace] ENGINE:    Location: 0
[19:23:39] [trace] ENGINE:    Set: 0
[19:23:39] [trace] ENGINE:    Binding: 0
[19:23:39] [trace] ENGINE:    Count: 1
[19:23:39] [trace] ENGINE: 
[19:23:39] [trace] ENGINE: Loading base
[19:23:39] [trace] ENGINE: 
[19:23:39] [trace] ENGINE: Loading depth
[19:23:39] [warning] ENGINE: UniformBufferObject is an array of 0 dimensions in shader: depth, setting count to 1
[19:23:39] [trace] ENGINE: -----UNIFORM BUFFERS-----
[19:23:39] [trace] ENGINE: UniformBufferObject
[19:23:39] [trace] ENGINE:    Size: 64
[19:23:39] [trace] ENGINE:    Location: 0
[19:23:39] [trace] ENGINE:    Set: 0
[19:23:39] [trace] ENGINE:    Binding: 0
[19:23:39] [trace] ENGINE:    Count: 1
[19:23:39] [warning] ENGINE: depth
[19:23:39] [trace] ENGINE: 
[19:23:39] [trace] ENGINE: Loading base
[19:23:39] [warning] ENGINE: UniformBufferObject is an array of 0 dimensions in shader: base, setting count to 1
[19:23:39] [trace] ENGINE: -----UNIFORM BUFFERS-----
[19:23:39] [trace] ENGINE: UniformBufferObject
[19:23:39] [trace] ENGINE:    Size: 64
[19:23:39] [trace] ENGINE:    Location: 0
[19:23:39] [trace] ENGINE:    Set: 0
[19:23:39] [trace] ENGINE:    Binding: 0
[19:23:39] [trace] ENGINE:    Count: 1
[19:23:39] [trace] ENGINE: 
[19:23:39] [trace] ENGINE: Loading base
[19:23:39] [trace] ENGINE: 
[19:23:39] [trace] ENGINE: Loading depth
[19:23:39] [warning] ENGINE: UniformBufferObject is an array of 0 dimensions in shader: depth, setting count to 1
[19:23:39] [trace] ENGINE: -----UNIFORM BUFFERS-----
[19:23:39] [trace] ENGINE: UniformBufferObject
[19:23:39] [trace] ENGINE:    Size: 64
[19:23:39] [trace] ENGINE:    Location: 0
[19:23:39] [trace] ENGINE:    Set: 0
[19:23:39] [trace] ENGINE:    Binding: 0
[19:23:39] [trace] ENGINE:    Count: 1
[19:23:39] [warning] ENGINE: depth
[19:23:39] [trace] ENGINE: 
[19:23:39] [trace] ENGINE: Loading base
[19:23:39] [warning] ENGINE: UniformBufferObject is an array of 0 dimensions in shader: base, setting count to 1
[19:23:39] [trace] ENGINE: -----UNIFORM BUFFERS-----
[19:23:39] [trace] ENGINE: UniformBufferObject
[19:23:39] [trace] ENGINE:    Size: 64
[19:23:39] [trace] ENGINE:    Location: 0
[19:23:39] [trace] ENGINE:    Set: 0
[19:23:39] [trace] ENGINE:    Binding: 0
[19:23:39] [trace] ENGINE:    Count: 1
[19:23:39] [trace] ENGINE: 
[19:23:39] [trace] ENGINE: Loading base
[19:23:39] [trace] ENGINE: 
[19:23:39] [trace] ENGINE: Loading depth
[19:23:39] [warning] ENGINE: UniformBufferObject is an array of 0 dimensions in shader: depth, setting count to 1
[19:23:39] [trace] ENGINE: -----UNIFORM BUFFERS-----
[19:23:39] [trace] ENGINE: UniformBufferObject
[19:23:39] [trace] ENGINE:    Size: 64
[19:23:39] [trace] ENGINE:    Location: 0
[19:23:39] [trace] ENGINE:    Set: 0
[19:23:39] [trace] ENGINE:    Binding: 0
[19:23:39] [trace] ENGINE:    Count: 1
[19:23:39] [warning] ENGINE: depth
[19:23:39] [trace] ENGINE: 
[19:23:39] [trace] ENGINE: Loading base
[19:23:39] [warning] ENGINE: UniformBufferObject is an array of 0 dimensions in shader: base, setting count to 1
[19:23:39] [trace] ENGINE: -----UNIFORM BUFFERS-----
[19:23:39] [trace] ENGINE: UniformBufferObject
[19:23:39] [trace] ENGINE:    Size: 64
[19:23:39] [trace] ENGINE:    Location: 0
[19:23:39] [trace] ENGINE:    Set: 0
[19:23:39] [trace] ENGINE:    Binding: 0
[19:23:39] [trace] ENGINE:    Count: 1
[19:23:39] [trace] ENGINE: 
[19:23:39] [trace] ENGINE: Loading base
[19:23:39] [trace] ENGINE: 
[19:23:39] [trace] ENGINE: Loading depth
[19:23:39] [warning] ENGINE: UniformBufferObject is an array of 0 dimensions in shader: depth, setting count to 1
[19:23:39] [trace] ENGINE: -----UNIFORM BUFFERS-----
[19:23:39] [trace] ENGINE: UniformBufferObject
[19:23:39] [trace] ENGINE:    Size: 64
[19:23:39] [trace] ENGINE:    Location: 0
[19:23:39] [trace] ENGINE:    Set: 0
[19:23:39] [trace] ENGINE:    Binding: 0
[19:23:39] [trace] ENGINE:    Count: 1
[19:23:39] [warning] ENGINE: depth
[19:23:39] [trace] ENGINE: 
[19:23:39] [trace] ENGINE: Loading base
[19:23:39] [warning] ENGINE: UniformBufferObject is an array of 0 dimensions in shader: base, setting count to 1
[19:23:39] [trace] ENGINE: -----UNIFORM BUFFERS-----
[19:23:39] [trace] ENGINE: UniformBufferObject
[19:23:39] [trace] ENGINE:    Size: 64
[19:23:39] [trace] ENGINE:    Location: 0
[19:23:39] [trace] ENGINE:    Set: 0
[19:23:39] [trace] ENGINE:    Binding: 0
[19:23:39] [trace] ENGINE:    Count: 1
[19:23:39] [trace] ENGINE: 
[19:23:39] [trace] ENGINE: Loading base
[19:23:39] [trace] ENGINE: 
[19:23:39] [trace] ENGINE: Loading depth
[19:23:39] [warning] ENGINE: UniformBufferObject is an array of 0 dimensions in shader: depth, setting count to 1
[19:23:39] [trace] ENGINE: -----UNIFORM BUFFERS-----
[19:23:39] [trace] ENGINE: UniformBufferObject
[19:23:39] [trace] ENGINE:    Size: 64
[19:23:39] [trace] ENGINE:    Location: 0
[19:23:39] [trace] ENGINE:    Set: 0
[19:23:39] [trace] ENGINE:    Binding: 0
[19:23:39] [trace] ENGINE:    Count: 1
[19:23:39] [warning] ENGINE: depth
[19:23:39] [trace] ENGINE: 
[19:23:39] [trace] ENGINE: Loading base
[19:23:39] [warning] ENGINE: UniformBufferObject is an array of 0 dimensions in shader: base, setting count to 1
[19:23:39] [trace] ENGINE: -----UNIFORM BUFFERS-----
[19:23:39] [trace] ENGINE: UniformBufferObject
[19:23:39] [trace] ENGINE:    Size: 64
[19:23:39] [trace] ENGINE:    Location: 0
[19:23:39] [trace] ENGINE:    Set: 0
[19:23:39] [trace] ENGINE:    Binding: 0
[19:23:39] [trace] ENGINE:    Count: 1
[19:23:39] [trace] ENGINE: 
[19:23:39] [trace] ENGINE: Loading base
[19:23:39] [trace] ENGINE: 
[19:23:39] [trace] ENGINE: Loading depth
[19:23:39] [warning] ENGINE: UniformBufferObject is an array of 0 dimensions in shader: depth, setting count to 1
[19:23:39] [trace] ENGINE: -----UNIFORM BUFFERS-----
[19:23:39] [trace] ENGINE: UniformBufferObject
[19:23:39] [trace] ENGINE:    Size: 64
[19:23:39] [trace] ENGINE:    Location: 0
[19:23:39] [trace] ENGINE:    Set: 0
[19:23:39] [trace] ENGINE:    Binding: 0
[19:23:39] [trace] ENGINE:    Count: 1
[19:23:39] [warning] ENGINE: depth
[19:23:39] [trace] ENGINE: 
[19:23:39] [trace] ENGINE: Loading base
[19:23:39] [warning] ENGINE: UniformBufferObject is an array of 0 dimensions in shader: base, setting count to 1
[19:23:39] [trace] ENGINE: -----UNIFORM BUFFERS-----
[19:23:39] [trace] ENGINE: UniformBufferObject
[19:23:39] [trace] ENGINE:    Size: 64
[19:23:39] [trace] ENGINE:    Location: 0
[19:23:39] [trace] ENGINE:    Set: 0
[19:23:39] [trace] ENGINE:    Binding: 0
[19:23:39] [trace] ENGINE:    Count: 1
[19:23:39] [trace] ENGINE: 
[19:23:39] [trace] ENGINE: Loading base
[19:23:39] [trace] ENGINE: 
[19:23:39] [trace] ENGINE: Loading depth
[19:23:39] [warning] ENGINE: UniformBufferObject is an array of 0 dimensions in shader: depth, setting count to 1
[19:23:39] [trace] ENGINE: -----UNIFORM BUFFERS-----
[19:23:39] [trace] ENGINE: UniformBufferObject
[19:23:39] [trace] ENGINE:    Size: 64
[19:23:39] [trace] ENGINE:    Location: 0
[19:23:39] [trace] ENGINE:    Set: 0
[19:23:39] [trace] ENGINE:    Binding: 0
[19:23:39] [trace] ENGINE:    Count: 1
[19:23:39] [warning] ENGINE: depth
[19:23:39] [trace] ENGINE: 
[19:23:39] [trace] ENGINE: Loading base
[19:23:39] [warning] ENGINE: UniformBufferObject is an array of 0 dimensions in shader: base, setting count to 1
[19:23:39] [trace] ENGINE: -----UNIFORM BUFFERS-----
[19:23:39] [trace] ENGINE: UniformBufferObject
[19:23:39] [trace] ENGINE:    Size: 64
[19:23:39] [trace] ENGINE:    Location: 0
[19:23:39] [trace] ENGINE:    Set: 0
[19:23:39] [trace] ENGINE:    Binding: 0
[19:23:39] [trace] ENGINE:    Count: 1
[19:23:39] [trace] ENGINE: 
[19:23:39] [trace] ENGINE: Loading base
[19:23:39] [trace] ENGINE: 
[19:23:39] [trace] ENGINE: Loading depth
[19:23:39] [warning] ENGINE: UniformBufferObject is an array of 0 dimensions in shader: depth, setting count to 1
[19:23:39] [trace] ENGINE: -----UNIFORM BUFFERS-----
[19:23:39] [trace] ENGINE: UniformBufferObject
[19:23:39] [trace] ENGINE:    Size: 64
[19:23:39] [trace] ENGINE:    Location: 0
[19:23:39] [trace] ENGINE:    Set: 0
[19:23:39] [trace] ENGINE:    Binding: 0
[19:23:39] [trace] ENGINE:    Count: 1
[19:23:39] [warning] ENGINE: depth
[19:23:39] [trace] ENGINE: 
[19:23:39] [trace] ENGINE: Loading base
[19:23:39] [warning] ENGINE: UniformBufferObject is an array of 0 dimensions in shader: base, setting count to 1
[19:23:39] [trace] ENGINE: -----UNIFORM BUFFERS-----
[19:23:39] [trace] ENGINE: UniformBufferObject
[19:23:39] [trace] ENGINE:    Size: 64
[19:23:39] [trace] ENGINE:    Location: 0
[19:23:39] [trace] ENGINE:    Set: 0
[19:23:39] [trace] ENGINE:    Binding: 0
[19:23:39] [trace] ENGINE:    Count: 1
[19:23:39] [trace] ENGINE: 
[19:23:39] [trace] ENGINE: Loading base
[19:23:39] [trace] ENGINE: 
[19:23:39] [trace] ENGINE: Loading depth
[19:23:39] [warning] ENGINE: UniformBufferObject is an array of 0 dimensions in shader: depth, setting count to 1
[19:23:39] [trace] ENGINE: -----UNIFORM BUFFERS-----
[19:23:39] [trace] ENGINE: UniformBufferObject
[19:23:39] [trace] ENGINE:    Size: 64
[19:23:39] [trace] ENGINE:    Location: 0
[19:23:39] [trace] ENGINE:    Set: 0
[19:23:39] [trace] ENGINE:    Binding: 0
[19:23:39] [trace] ENGINE:    Count: 1
[19:23:39] [warning] ENGINE: depth
[19:23:39] [trace] ENGINE: 
[19:23:39] [trace] ENGINE: Loading base
[19:23:39] [warning] ENGINE: UniformBufferObject is an array of 0 dimensions in shader: base, setting count to 1
[19:23:39] [trace] ENGINE: -----UNIFORM BUFFERS-----
[19:23:39] [trace] ENGINE: UniformBufferObject
[19:23:39] [trace] ENGINE:    Size: 64
[19:23:39] [trace] ENGINE:    Location: 0
[19:23:39] [trace] ENGINE:    Set: 0
[19:23:39] [trace] ENGINE:    Binding: 0
[19:23:39] [trace] ENGINE:    Count: 1
[19:23:39] [trace] ENGINE: 
[19:23:39] [trace] ENGINE: Loading base
[19:23:39] [trace] ENGINE: 
[19:23:39] [trace] ENGINE: Loading depth
[19:23:39] [warning] ENGINE: UniformBufferObject is an array of 0 dimensions in shader: depth, setting count to 1
[19:23:39] [trace] ENGINE: -----UNIFORM BUFFERS-----
[19:23:39] [trace] ENGINE: UniformBufferObject
[19:23:39] [trace] ENGINE:    Size: 64
[19:23:39] [trace] ENGINE:    Location: 0
[19:23:39] [trace] ENGINE:    Set: 0
[19:23:39] [trace] ENGINE:    Binding: 0
[19:23:39] [trace] ENGINE:    Count: 1
[19:23:39] [warning] ENGINE: depth
[19:23:39] [trace] ENGINE: 
[19:23:39] [trace] ENGINE: Loading base
[19:23:39] [warning] ENGINE: UniformBufferObject is an array of 0 dimensions in shader: base, setting count to 1
[19:23:39] [trace] ENGINE: -----UNIFORM BUFFERS-----
[19:23:39] [trace] ENGINE: UniformBufferObject
[19:23:39] [trace] ENGINE:    Size: 64
[19:23:39] [trace] ENGINE:    Location: 0
[19:23:39] [trace] ENGINE:    Set: 0
[19:23:39] [trace] ENGINE:    Binding: 0
[19:23:39] [trace] ENGINE:    Count: 1
[19:23:39] [trace] ENGINE: 
[19:23:39] [trace] ENGINE: Loading base
[19:23:39] [trace] ENGINE: 
[19:23:39] [trace] ENGINE: Loading depth
[19:23:39] [warning] ENGINE: UniformBufferObject is an array of 0 dimensions in shader: depth, setting count to 1
[19:23:39] [trace] ENGINE: -----UNIFORM BUFFERS-----
[19:23:39] [trace] ENGINE: UniformBufferObject
[19:23:39] [trace] ENGINE:    Size: 64
[19:23:39] [trace] ENGINE:    Location: 0
[19:23:39] [trace] ENGINE:    Set: 0
[19:23:39] [trace] ENGINE:    Binding: 0
[19:23:39] [trace] ENGINE:    Count: 1
[19:23:39] [warning] ENGINE: depth
[19:23:39] [trace] ENGINE: 
[19:23:39] [trace] ENGINE: Loading base
[19:23:39] [warning] ENGINE: UniformBufferObject is an array of 0 dimensions in shader: base, setting count to 1
[19:23:39] [trace] ENGINE: -----UNIFORM BUFFERS-----
[19:23:39] [trace] ENGINE: UniformBufferObject
[19:23:39] [trace] ENGINE:    Size: 64
[19:23:39] [trace] ENGINE:    Location: 0
[19:23:39] [trace] ENGINE:    Set: 0
[19:23:39] [trace] ENGINE:    Binding: 0
[19:23:39] [trace] ENGINE:    Count: 1
[19:23:39] [trace] ENGINE: 
[19:23:39] [trace] ENGINE: Loading base
[19:23:39] [trace] ENGINE: 
[19:23:39] [trace] ENGINE: Loading depth
[19:23:39] [warning] ENGINE: UniformBufferObject is an array of 0 dimensions in shader: depth, setting count to 1
[19:23:39] [trace] ENGINE: -----UNIFORM BUFFERS-----
[19:23:39] [trace] ENGINE: UniformBufferObject
[19:23:39] [trace] ENGINE:    Size: 64
[19:23:39] [trace] ENGINE:    Location: 0
[19:23:39] [trace] ENGINE:    Set: 0
[19:23:39] [trace] ENGINE:    Binding: 0
[19:23:39] [trace] ENGINE:    Count: 1
[19:23:39] [warning] ENGINE: depth
[19:23:39] [trace] ENGINE: 
[19:23:39] [trace] ENGINE: Loading base
[19:23:39] [warning] ENGINE: UniformBufferObject is an array of 0 dimensions in shader: base, setting count to 1
[19:23:39] [trace] ENGINE: -----UNIFORM BUFFERS-----
[19:23:39] [trace] ENGINE: UniformBufferObject
[19:23:39] [trace] ENGINE:    Size: 64
[19:23:39] [trace] ENGINE:    Location: 0
[19:23:39] [trace] ENGINE:    Set: 0
[19:23:39] [trace] ENGINE:    Binding: 0
[19:23:39] [trace] ENGINE:    Count: 1
[19:23:39] [trace] ENGINE: 
[19:23:39] [trace] ENGINE: Loading base
[19:23:39] [trace] ENGINE: 
[19:23:39] [trace] ENGINE: Loading depth
[19:23:39] [warning] ENGINE: UniformBufferObject is an array of 0 dimensions in shader: depth, setting count to 1
[19:23:39] [trace] ENGINE: -----UNIFORM BUFFERS-----
[19:23:39] [trace] ENGINE: UniformBufferObject
[19:23:39] [trace] ENGINE:    Size: 64
[19:23:39] [trace] ENGINE:    Location: 0
[19:23:39] [trace] ENGINE:    Set: 0
[19:23:39] [trace] ENGINE:    Binding: 0
[19:23:39] [trace] ENGINE:    Count: 1
[19:23:39] [warning] ENGINE: depth
[19:23:39] [trace] ENGINE: 
[19:23:39] [trace] ENGINE: Loading base
[19:23:39] [warning] ENGINE: UniformBufferObject is an array of 0 dimensions in shader: base, setting count to 1
[19:23:39] [trace] ENGINE: -----UNIFORM BUFFERS-----
[19:23:39] [trace] ENGINE: UniformBufferObject
[19:23:39] [trace] ENGINE:    Size: 64
[19:23:39] [trace] ENGINE:    Location: 0
[19:23:39] [trace] ENGINE:    Set: 0
[19:23:39] [trace] ENGINE:    Binding: 0
[19:23:39] [trace] ENGINE:    Count: 1
[19:23:39] [trace] ENGINE: 
[19:23:39] [trace] ENGINE: Loading base
[19:23:39] [trace] ENGINE: 
[19:23:39] [trace] ENGINE: Loading depth
[19:23:39] [warning] ENGINE: UniformBufferObject is an array of 0 dimensions in shader: depth, setting count to 1
[19:23:39] [trace] ENGINE: -----UNIFORM BUFFERS-----
[19:23:39] [trace] ENGINE: UniformBufferObject
[19:23:39] [trace] ENGINE:    Size: 64
[19:23:39] [trace] ENGINE:    Location: 0
[19:23:39] [trace] ENGINE:    Set: 0
[19:23:39] [trace] ENGINE:    Binding: 0
[19:23:39] [trace] ENGINE:    Count: 1
[19:23:39] [warning] ENGINE: depth
[19:23:40] [trace] ENGINE: 
[19:23:40] [trace] ENGINE: Loading base
[19:23:40] [warning] ENGINE: UniformBufferObject is an array of 0 dimensions in shader: base, setting count to 1
[19:23:40] [trace] ENGINE: -----UNIFORM BUFFERS-----
[19:23:40] [trace] ENGINE: UniformBufferObject
[19:23:40] [trace] ENGINE:    Size: 64
[19:23:40] [trace] ENGINE:    Location: 0
[19:23:40] [trace] ENGINE:    Set: 0
[19:23:40] [trace] ENGINE:    Binding: 0
[19:23:40] [trace] ENGINE:    Count: 1
[19:23:40] [trace] ENGINE: 
[19:23:40] [trace] ENGINE: Loading base
[19:23:40] [trace] ENGINE: 
[19:23:40] [trace] ENGINE: Loading depth
[19:23:40] [warning] ENGINE: UniformBufferObject is an array of 0 dimensions in shader: depth, setting count to 1
[19:23:40] [trace] ENGINE: -----UNIFORM BUFFERS-----
[19:23:40] [trace] ENGINE: UniformBufferObject
[19:23:40] [trace] ENGINE:    Size: 64
[19:23:40] [trace] ENGINE:    Location: 0
[19:23:40] [trace] ENGINE:    Set: 0
[19:23:40] [trace] ENGINE:    Binding: 0
[19:23:40] [trace] ENGINE:    Count: 1
[19:23:40] [warning] ENGINE: depth
[19:23:40] [trace] ENGINE: 
[19:23:40] [trace] ENGINE: Loading base
[19:23:40] [warning] ENGINE: UniformBufferObject is an array of 0 dimensions in shader: base, setting count to 1
[19:23:40] [trace] ENGINE: -----UNIFORM BUFFERS-----
[19:23:40] [trace] ENGINE: UniformBufferObject
[19:23:40] [trace] ENGINE:    Size: 64
[19:23:40] [trace] ENGINE:    Location: 0
[19:23:40] [trace] ENGINE:    Set: 0
[19:23:40] [trace] ENGINE:    Binding: 0
[19:23:40] [trace] ENGINE:    Count: 1
[19:23:40] [trace] ENGINE: 
[19:23:40] [trace] ENGINE: Loading base
[19:23:40] [trace] ENGINE: 
[19:23:40] [trace] ENGINE: Loading depth
[19:23:40] [warning] ENGINE: UniformBufferObject is an array of 0 dimensions in shader: depth, setting count to 1
[19:23:40] [trace] ENGINE: -----UNIFORM BUFFERS-----
[19:23:40] [trace] ENGINE: UniformBufferObject
[19:23:40] [trace] ENGINE:    Size: 64
[19:23:40] [trace] ENGINE:    Location: 0
[19:23:40] [trace] ENGINE:    Set: 0
[19:23:40] [trace] ENGINE:    Binding: 0
[19:23:40] [trace] ENGINE:    Count: 1
[19:23:40] [warning] ENGINE: depth
[19:23:40] [trace] ENGINE: 
[19:23:40] [trace] ENGINE: Loading base
[19:23:40] [warning] ENGINE: UniformBufferObject is an array of 0 dimensions in shader: base, setting count to 1
[19:23:40] [trace] ENGINE: -----UNIFORM BUFFERS-----
[19:23:40] [trace] ENGINE: UniformBufferObject
[19:23:40] [trace] ENGINE:    Size: 64
[19:23:40] [trace] ENGINE:    Location: 0
[19:23:40] [trace] ENGINE:    Set: 0
[19:23:40] [trace] ENGINE:    Binding: 0
[19:23:40] [trace] ENGINE:    Count: 1
[19:23:40] [trace] ENGINE: 
[19:23:40] [trace] ENGINE: Loading base
[19:23:40] [trace] ENGINE: 
[19:23:40] [trace] ENGINE: Loading depth
[19:23:40] [warning] ENGINE: UniformBufferObject is an array of 0 dimensions in shader: depth, setting count to 1
[19:23:40] [trace] ENGINE: -----UNIFORM BUFFERS-----
[19:23:40] [trace] ENGINE: UniformBufferObject
[19:23:40] [trace] ENGINE:    Size: 64
[19:23:40] [trace] ENGINE:    Location: 0
[19:23:40] [trace] ENGINE:    Set: 0
[19:23:40] [trace] ENGINE:    Binding: 0
[19:23:40] [trace] ENGINE:    Count: 1
[19:23:40] [warning] ENGINE: depth
